{
  "RSpec": {
    "coverage": {
      "/Users/avitzurel/Dropbox/Projects/open_source/cashier/lib/cashier.rb": [
        1,
        1,
        null,
        1,
        null,
        1,
        52,
        52,
        null,
        0,
        null,
        null,
        null,
        null,
        null,
        null,
        null,
        null,
        null,
        null,
        null,
        1,
        10,
        null,
        null,
        null,
        null,
        null,
        null,
        null,
        null,
        null,
        1,
        21,
        null,
        null,
        null,
        null,
        null,
        null,
        null,
        null,
        null,
        null,
        null,
        1,
        14,
        null,
        14,
        null,
        15,
        null,
        null,
        null,
        14,
        null,
        null,
        null,
        null,
        null,
        null,
        null,
        null,
        null,
        null,
        1,
        3,
        null,
        null,
        3,
        3,
        null,
        3,
        2,
        null,
        null,
        3,
        null,
        null,
        null,
        null,
        3,
        null,
        null,
        null,
        null,
        null,
        null,
        null,
        null,
        null,
        null,
        1,
        1,
        null,
        null,
        null,
        null,
        null,
        null,
        null,
        null,
        null,
        1,
        2,
        null,
        null,
        null,
        null,
        null,
        null,
        null,
        null,
        null,
        null,
        1,
        1,
        null,
        null,
        null,
        null,
        null,
        null,
        null,
        null,
        null,
        null,
        1,
        1,
        null,
        null,
        null,
        null,
        1,
        1,
        1,
        1,
        1,
        1
      ],
      "/Users/avitzurel/Dropbox/Projects/open_source/cashier/lib/cashier/railtie.rb": [
        1,
        1,
        1,
        1,
        1,
        null,
        null,
        null,
        null
      ],
      "/Users/avitzurel/Dropbox/Projects/open_source/cashier/lib/cashier/adapters/cache_store.rb": [
        1,
        1,
        1,
        1,
        20,
        20,
        20,
        null,
        null,
        1,
        28,
        28,
        null,
        28,
        null,
        null,
        1,
        3,
        3,
        3,
        null,
        null,
        1,
        8,
        null,
        null,
        1,
        1,
        null,
        null,
        1,
        1,
        null,
        null,
        1,
        2,
        2,
        null,
        null,
        1,
        4,
        null,
        null,
        null,
        null
      ],
      "/Users/avitzurel/Dropbox/Projects/open_source/cashier/lib/cashier/adapters/redis_store.rb": [
        1,
        1,
        1,
        1,
        90,
        null,
        null,
        1,
        2,
        null,
        null,
        1,
        8,
        null,
        null,
        1,
        36,
        null,
        null,
        1,
        10,
        null,
        null,
        1,
        5,
        null,
        null,
        1,
        4,
        null,
        null,
        1,
        1,
        null,
        null,
        1,
        1,
        1,
        null,
        null,
        1,
        4,
        null,
        null,
        null,
        null
      ],
      "/Users/avitzurel/Dropbox/Projects/open_source/cashier/spec/dummy/config/environment.rb": [
        null,
        1,
        null,
        null,
        1
      ],
      "/Users/avitzurel/Dropbox/Projects/open_source/cashier/spec/dummy/config/application.rb": [
        1,
        null,
        1,
        null,
        null,
        null,
        1,
        null,
        1,
        null,
        1,
        1,
        null,
        null,
        null,
        null,
        null,
        null,
        null,
        null,
        null,
        null,
        null,
        null,
        null,
        null,
        null,
        null,
        null,
        null,
        null,
        null,
        null,
        null,
        null,
        null,
        null,
        null,
        1,
        null,
        null,
        1,
        null,
        null
      ],
      "/Users/avitzurel/Dropbox/Projects/open_source/cashier/spec/dummy/config/boot.rb": [
        1,
        1,
        null,
        1,
        1,
        1,
        1,
        null,
        null,
        1
      ],
      "/Users/avitzurel/Dropbox/Projects/open_source/cashier/spec/dummy/config/environments/test.rb": [
        1,
        null,
        null,
        null,
        null,
        null,
        null,
        1,
        null,
        null,
        1,
        null,
        null,
        1,
        1,
        1,
        null,
        null,
        1,
        null,
        null,
        1,
        null,
        null,
        null,
        null,
        null,
        null,
        null,
        1,
        null
      ],
      "/Users/avitzurel/Dropbox/Projects/open_source/cashier/spec/dummy/config/initializers/backtrace_silencers.rb": [
        null,
        null,
        null,
        null,
        null,
        null,
        null
      ],
      "/Users/avitzurel/Dropbox/Projects/open_source/cashier/spec/dummy/config/initializers/inflections.rb": [
        null,
        null,
        null,
        null,
        null,
        null,
        null,
        null,
        null,
        null
      ],
      "/Users/avitzurel/Dropbox/Projects/open_source/cashier/spec/dummy/config/initializers/mime_types.rb": [
        null,
        null,
        null,
        null,
        null
      ],
      "/Users/avitzurel/Dropbox/Projects/open_source/cashier/spec/dummy/config/initializers/secret_token.rb": [
        null,
        null,
        null,
        null,
        null,
        null,
        1
      ],
      "/Users/avitzurel/Dropbox/Projects/open_source/cashier/spec/dummy/config/initializers/session_store.rb": [
        null,
        null,
        1,
        null,
        null,
        null,
        null,
        null
      ],
      "/Users/avitzurel/Dropbox/Projects/open_source/cashier/spec/dummy/app/controllers/application_controller.rb": [
        1,
        1,
        null
      ],
      "/Users/avitzurel/Dropbox/Projects/open_source/cashier/lib/cashier/application_controller.rb": [
        null,
        null,
        null,
        null,
        null,
        null,
        null,
        null,
        null,
        null,
        null,
        null,
        null,
        1,
        1,
        4,
        4,
        null,
        2,
        null,
        2,
        null,
        4,
        null,
        4,
        null,
        null,
        1,
        null
      ],
      "/Users/avitzurel/Dropbox/Projects/open_source/cashier/spec/dummy/app/helpers/application_helper.rb": [
        1,
        null
      ],
      "/Users/avitzurel/Dropbox/Projects/open_source/cashier/spec/dummy/app/controllers/home_controller.rb": [
        1,
        1,
        null,
        1,
        null,
        null,
        null
      ],
      "/Users/avitzurel/Dropbox/Projects/open_source/cashier/spec/dummy/app/helpers/home_helper.rb": [
        1,
        null
      ],
      "/Users/avitzurel/Dropbox/Projects/open_source/cashier/spec/dummy/config/routes.rb": [
        1,
        null,
        null,
        null,
        1,
        null,
        null,
        null,
        null,
        null,
        null,
        null,
        null,
        null,
        null,
        null,
        null,
        null,
        null,
        null,
        null,
        null,
        null,
        null,
        null,
        null,
        null,
        null,
        null,
        null,
        null,
        null,
        null,
        null,
        null,
        null,
        null,
        null,
        null,
        null,
        null,
        null,
        null,
        null,
        null,
        null,
        null,
        null,
        null,
        null,
        null,
        null,
        null,
        null,
        null,
        null,
        null,
        null,
        null,
        null
      ],
      "/Users/avitzurel/Dropbox/Projects/open_source/cashier/spec/lib/adapters/cache_store_spec.rb": [
        1,
        null,
        1,
        10,
        3,
        null,
        1,
        1,
        1,
        null,
        null,
        1,
        1,
        1,
        null,
        null,
        1,
        1,
        1,
        1,
        null,
        1,
        null,
        null,
        1,
        1,
        1,
        null,
        1,
        1,
        null,
        null,
        1,
        6,
        1,
        null,
        null,
        1,
        1,
        1,
        null,
        null,
        1,
        6,
        1,
        1,
        null,
        null,
        1,
        1,
        1,
        1,
        1,
        null,
        null,
        1,
        1,
        1,
        1,
        null,
        null,
        null,
        1,
        1,
        null,
        1,
        null,
        1,
        1,
        1,
        null,
        1,
        null,
        null,
        null
      ],
      "/Users/avitzurel/Dropbox/Projects/open_source/cashier/spec/lib/adapters/redis_store_spec.rb": [
        1,
        null,
        1,
        13,
        1,
        6,
        null,
        1,
        1,
        1,
        null,
        null,
        1,
        1,
        null,
        null,
        null,
        1,
        1,
        1,
        null,
        null,
        1,
        1,
        1,
        null,
        null,
        1,
        1,
        1,
        null,
        null,
        1,
        1,
        1,
        1,
        null,
        1,
        null,
        null,
        1,
        1,
        1,
        null,
        1,
        1,
        null,
        null,
        1,
        6,
        1,
        null,
        null,
        1,
        1,
        1,
        null,
        null,
        1,
        6,
        1,
        1,
        null,
        null,
        1,
        1,
        1,
        1,
        1,
        null,
        null,
        1,
        1,
        1,
        null,
        null,
        null,
        1,
        1,
        1,
        null,
        1,
        1,
        1,
        null,
        1,
        null,
        null,
        null
      ],
      "/Users/avitzurel/Dropbox/Projects/open_source/cashier/spec/lib/cashier_spec.rb": [
        1,
        null,
        1,
        1,
        3,
        null,
        1,
        1,
        null,
        null,
        1,
        1,
        null,
        null,
        null,
        1,
        1,
        10,
        null,
        11,
        10,
        null,
        1,
        1,
        1,
        1,
        null,
        1,
        null,
        null,
        1,
        1,
        1,
        null,
        1,
        null,
        1,
        null,
        null,
        null,
        1,
        1,
        3,
        null,
        null,
        1,
        1,
        1,
        1,
        null,
        1,
        null,
        null,
        1,
        1,
        1,
        1,
        null,
        1,
        null,
        null,
        1,
        1,
        1,
        null,
        1,
        null,
        null,
        null,
        1,
        1,
        1,
        1,
        1,
        null,
        1,
        null,
        null,
        null,
        1,
        1,
        2,
        2,
        2,
        null,
        null,
        1,
        1,
        1,
        null,
        null,
        1,
        1,
        1,
        null,
        null,
        null,
        1,
        1,
        1,
        1,
        null,
        null,
        null,
        1,
        1,
        1,
        1,
        null,
        null,
        null,
        null
      ]
    },
    "timestamp": 1332246590
  }
}
